
# ====== Port number : 3000 ======

########################################
# SR SequentialExecute for /192.168.0.2:3000
#  Repeat Count = 100
# Client Configuration @2011-09-08 04:10:49
#  Task time = 100
#  Max return count = 24
# Return number	Latency	STDEV	Begin time	End time
1	102.19879999999999	1.346669876983143	1315426249805	1315426260128
2	76.32440000000001	1.5543060551677599	1315426260128	1315426270283
3	67.97250000000003	1.1583481577390364	1315426270283	1315426280450
4	63.968499999999985	1.1490209930312223	1315426280450	1315426290645
5	61.53749999999998	1.4380636356589078	1315426290645	1315426300862
6	59.86780000000001	1.1845056762088944	1315426300862	1315426311100
7	58.976899999999986	1.9931107076452896	1315426311100	1315426321358
8	57.9551	1.6139214398913753	1315426321358	1315426331603
9	57.342	1.7029380434407027	1315426331603	1315426341864
10	56.887	1.9387580633706964	1315426341864	1315426352151
11	56.44079999999999	1.6604013631857557	1315426352151	1315426362459
12	56.22459999999995	1.81863386400885	1315426362459	1315426372772
13	55.93210000000002	1.9279786321581103	1315426372772	1315426383099
14	55.8014	2.0148900363506774	1315426383099	1315426393442
15	55.48329999999999	1.9473328327785293	1315426393442	1315426403775
16	55.229699999999994	1.4848218306205785	1315426403775	1315426414128
17	55.1617	1.869170428534741	1315426414128	1315426424510
18	54.8859	1.4105497853565294	1315426424510	1315426434876
19	54.9172	1.6637842226063104	1315426434876	1315426445271
20	55.080199999999984	2.171940425546182	1315426445271	1315426455680
21	54.96430000000003	1.9980269333162073	1315426455680	1315426466102
22	54.66679999999996	1.4896816011257052	1315426466102	1315426476516
23	54.76469999999999	1.7964692953940595	1315426476516	1315426486954
24	54.72480000000002	1.856300480726439	1315426486954	1315426497401

########################################
# SR ParallelExecute for /192.168.0.2:3000
#  Repeat Count = 100
# Client Configuration @2011-09-08 04:14:57
#  Task time = 100
#  Max return count = 24
# Return number	Latency	STDEV	Begin time	End time
1	101.27720000000001	0.673417456489843	1315426497705	1315426507846
2	51.20630000000001	1.0222688719038093	1315426507846	1315426512980
3	34.38740000000003	0.191609978436297	1315426512980	1315426516479
4	26.3613	1.1736446341514961	1315426516480	1315426519154
5	21.421699999999998	1.4739201183074708	1315426519154	1315426521324
6	17.928699999999996	0.3095603105350885	1315426521324	1315426523158
7	15.665799999999997	1.1275074682276558	1315426523158	1315426524775
8	13.898700000000003	0.7383597094952832	1315426524775	1315426526216
9	12.723199999999997	1.461999378186675	1315426526216	1315426527534
10	11.493000000000002	1.128507103578957	1315426527534	1315426528733
11	10.545499999999999	0.6589329835178095	1315426528733	1315426529841
12	9.559800000000003	0.3299218762741625	1315426529841	1315426530850
13	9.241900000000001	0.60748478802082	1315426530850	1315426531834
14	8.768300000000004	1.2929881255948477	1315426531834	1315426532764
15	8.367799999999997	1.1531726810513963	1315426532764	1315426533653
16	7.828800000000004	0.4867440370211957	1315426533653	1315426534486
17	7.474800000000003	1.1305915855574433	1315426534486	1315426535303
18	7.1973	0.7740172720125379	1315426535304	1315426536081
19	6.892800000000001	0.39416727208610736	1315426536081	1315426536820
20	6.676100000000002	1.0634533940009308	1315426536820	1315426537568
21	6.3585	0.4128158417405127	1315426537568	1315426538264
22	6.286799999999999	0.6767732114955556	1315426538264	1315426538950
23	6.106399999999999	0.6858696757557114	1315426538950	1315426539612
24	5.990199999999999	1.072817474379197	1315426539612	1315426540270


# ====== Port number : 3100 ======

########################################
# SR SequentialExecute for /192.168.0.2:3100
#  Repeat Count = 100
# Client Configuration @2011-09-08 04:15:45
#  Task time = 100
#  Max return count = 24
# Return number	Latency	STDEV	Begin time	End time
1	102.15169999999996	0.47862820602521405	1315426546333	1315426556657
2	76.1572	0.33917630468158827	1315426556658	1315426566790
3	67.89250000000004	0.5330801955972772	1315426566790	1315426576935
4	63.7487	0.4345336638874604	1315426576935	1315426587094
5	61.33209999999998	0.5739466328652254	1315426587094	1315426597270
6	59.71090000000003	0.546777695671957	1315426597271	1315426607462
7	58.61209999999999	0.5491946261329718	1315426607462	1315426617679
8	57.749699999999955	0.43440997952184596	1315426617679	1315426627898
9	57.2171	0.9525174459549649	1315426627898	1315426638139
10	56.741900000000015	0.9358426171306481	1315426638139	1315426648416
11	56.16059999999999	0.5944912433187352	1315426648416	1315426658665
12	55.90239999999995	0.7691148263883447	1315426658665	1315426668939
13	55.79340000000001	1.0460480897453843	1315426668939	1315426679232
14	55.5483	1.2021521567919964	1315426679232	1315426689554
15	55.30149999999999	0.8954389195171264	1315426689554	1315426699898
16	55.09189999999999	0.6032198034838201	1315426699898	1315426710221
17	54.97549999999998	0.6924475329297929	1315426710221	1315426720554
18	54.8173	0.5325559770470584	1315426720554	1315426730888
19	54.61530000000002	0.5532410565610733	1315426730888	1315426741236
20	54.82849999999997	1.1980045488195523	1315426741236	1315426751608
21	54.60629999999999	0.9739824060380209	1315426751608	1315426761974
22	54.61589999999998	1.2334963815246172	1315426761974	1315426772368
23	54.42000000000003	0.6715096816294204	1315426772368	1315426782765
24	54.45400000000001	0.903762058611339	1315426782765	1315426793178

########################################
# SR ParallelExecute for /192.168.0.2:3100
#  Repeat Count = 100
# Client Configuration @2011-09-08 04:19:53
#  Task time = 100
#  Max return count = 24
# Return number	Latency	STDEV	Begin time	End time
1	101.28419999999998	0.41901804401904325	1315426793483	1315426803626
2	51.184200000000004	0.34435763650355267	1315426803626	1315426808760
3	34.49700000000003	0.2756937988156391	1315426808760	1315426812266
4	26.1827	0.29263641384331046	1315426812266	1315426814911
5	21.365299999999998	1.2219684855993995	1315426814911	1315426817077
6	17.9361	0.30353771003597857	1315426817077	1315426818912
7	15.446299999999997	0.31828344841580586	1315426818912	1315426820514
8	13.829700000000003	0.6156649603756286	1315426820514	1315426821948
9	12.369399999999994	0.33275046008520626	1315426821948	1315426823235
10	11.301499999999999	0.3497686825790867	1315426823235	1315426824411
11	10.408700000000001	0.6615541160667237	1315426824412	1315426825508
12	9.534699999999999	0.35652490810732823	1315426825508	1315426826511
13	9.000399999999999	0.3310189960675406	1315426826511	1315426827459
14	8.478000000000002	0.37186127531758173	1315426827459	1315426828355
15	8.024200000000004	0.4696746778677682	1315426828355	1315426829207
16	7.5366000000000035	0.4497748482756357	1315426829207	1315426830015
17	7.227000000000001	0.41788186431721064	1315426830015	1315426830791
18	6.928700000000003	0.38929009463091274	1315426830791	1315426831537
19	6.5815	0.4540176986715971	1315426831537	1315426832240
20	6.345800000000002	0.33572830525512404	1315426832240	1315426832929
21	6.156600000000003	0.326586941415339	1315426832930	1315426833595
22	5.998700000000002	0.3732485157980312	1315426833595	1315426834244
23	5.799200000000002	0.5360850980238214	1315426834244	1315426834870
24	5.546300000000001	0.4289702374832809	1315426834870	1315426835471


# ====== Port number : 3000 ======

########################################
# SR SequentialExecute for /192.168.0.2:3000
#  Repeat Count = 30
# Client Configuration @2011-09-08 04:20:40
#  Task time = 1000
#  Max return count = 24
# Return number	Latency	STDEV	Begin time	End time
1	1005.0352000000001	3.1936005450290215	1315426844003	1315426874256
2	752.6085999999999	1.3565695732163716	1315426874257	1315426904376
3	669.0366333333333	1.6652005881925562	1315426904377	1315426934487
4	627.2095666666669	1.4328737624766419	1315426934487	1315426964596
5	603.1334666666667	2.9292267160339622	1315426964596	1315426994738
6	585.1885333333335	0.4444127261847949	1315426994738	1315427024823
7	574.4299	2.550135944333161	1315427024823	1315427054975
8	565.3359999999998	2.510044772264367	1315427054975	1315427085103
9	557.8397999999999	1.6923935590586847	1315427085103	1315427115204
10	553.4075	2.310475839153975	1315427115204	1315427145379
11	548.5313333333335	1.9784256250645462	1315427145379	1315427175534
12	544.4453999999998	2.293688635977283	1315427175534	1315427205672
13	541.9624666666666	2.2963035323302936	1315427205672	1315427235838
14	538.5541333333333	2.0132423794034606	1315427235838	1315427265990
15	537.2275000000001	2.8151097700097893	1315427265990	1315427296180
16	535.1014	3.080339609571405	1315427296181	1315427326349
17	533.0036333333335	2.2439479753204017	1315427326349	1315427356565
18	530.89	1.9400099359963203	1315427356565	1315427386739
19	530.1726000000001	2.5941035871030262	1315427386739	1315427416945
20	528.3388666666665	1.7641343043570572	1315427416946	1315427447142
21	528.3672	2.6612989750304643	1315427447142	1315427477381
22	527.3075	3.3008285872145953	1315427477381	1315427507609
23	525.4636666666667	2.232288702322236	1315427507609	1315427537821
24	525.0038	2.6599478916237045	1315427537821	1315427568051

########################################
# SR ParallelExecute for /192.168.0.2:3000
#  Repeat Count = 30
# Client Configuration @2011-09-08 04:32:48
#  Task time = 1000
#  Max return count = 24
# Return number	Latency	STDEV	Begin time	End time
1	1003.3644666666665	1.7996458796505281	1315427571066	1315427601204
2	502.8677666666667	0.29718677308836283	1315427601204	1315427616322
3	336.19193333333334	2.122745927155452	1315427616322	1315427626446
4	252.6186	0.5456380384242268	1315427626447	1315427634068
5	203.08296666666664	2.3226166350381825	1315427634068	1315427640196
6	168.77183333333335	0.4475001894129731	1315427640196	1315427645300
7	145.49826666666664	1.9980252480788638	1315427645300	1315427649703
8	127.4702	0.3288625538310349	1315427649704	1315427653566
9	113.6528666666667	0.739530173929989	1315427653566	1315427657019
10	102.54923333333335	1.0697909458465207	1315427657019	1315427660137
11	93.89320000000001	2.0129405733215764	1315427660137	1315427662992
12	86.26573333333333	2.117039685477751	1315427662992	1315427665619
13	79.70459999999999	1.829297483396973	1315427665619	1315427668051
14	74.16713333333333	0.4356917396007088	1315427668051	1315427670313
15	69.4993	1.0415461368418042	1315427670313	1315427672437
16	65.4926	1.1636863127501795	1315427672438	1315427674447
17	61.68303333333335	1.9378100772263265	1315427674447	1315427676348
18	58.48783333333334	1.5800729377166383	1315427676348	1315427678145
19	55.6069	1.5505664448839802	1315427678145	1315427679855
20	52.49506666666668	0.8203888032540022	1315427679855	1315427681486
21	50.679833333333335	1.2829446754360778	1315427681486	1315427683049
22	48.38899999999999	1.0446563203214545	1315427683049	1315427684545
23	46.359866666666655	0.5197885998238068	1315427684545	1315427685983
24	44.62559999999999	0.8803784296033843	1315427685983	1315427687366


# ====== Port number : 3100 ======

########################################
# SR SequentialExecute for /192.168.0.2:3100
#  Repeat Count = 30
# Client Configuration @2011-09-08 04:34:57
#  Task time = 1000
#  Max return count = 24
# Return number	Latency	STDEV	Begin time	End time
1	1005.2864666666667	3.3337948940462785	1315427700900	1315427731161
2	752.4527000000002	0.4007889759182917	1315427731162	1315427761266
3	668.9386333333334	1.0283760710641985	1315427761266	1315427791354
4	627.0285666666666	0.47090292450952953	1315427791354	1315427821442
5	601.8265	0.3154666766342725	1315427821442	1315427851520
6	585.4611333333334	0.8305604976589347	1315427851520	1315427881610
7	573.3874333333334	0.4092144435323927	1315427881610	1315427911697
8	564.5681	0.8078442727368426	1315427911697	1315427941794
9	557.6053999999999	0.7107042452254213	1315427941794	1315427971886
10	552.8925999999999	1.9521362410381813	1315427971887	1315428002016
11	547.7064666666666	0.7421520772501321	1315428002016	1315428032125
12	544.2055999999999	0.8489208403222149	1315428032126	1315428062241
13	541.2504666666669	2.102555403050297	1315428062241	1315428092374
14	538.2239333333334	1.0418564642069092	1315428092374	1315428122498
15	535.9443999999999	0.7761336802950951	1315428122498	1315428152620
16	533.7938	0.7069493176521944	1315428152621	1315428182743
17	532.1276333333333	1.4063913833086152	1315428182743	1315428212881
18	530.0727333333333	0.3164318233936713	1315428212881	1315428242997
19	529.3286666666667	0.9640613922077492	1315428242998	1315428273145
20	527.9099666666666	1.329285016104049	1315428273145	1315428303290
21	526.7608000000001	0.9207533795596268	1315428303290	1315428333436
22	525.5962999999999	1.3779762810406135	1315428333436	1315428363587
23	525.0785333333333	0.9123254385029572	1315428363587	1315428393756
24	523.7683333333333	0.7649847568543705	1315428393756	1315428423914

########################################
# SR ParallelExecute for /192.168.0.2:3100
#  Repeat Count = 30
# Client Configuration @2011-09-08 04:47:03
#  Task time = 1000
#  Max return count = 24
# Return number	Latency	STDEV	Begin time	End time
1	1003.3073333333335	0.5937794975086231	1315428426927	1315428457060
2	543.2518	219.97693401407906	1315428457060	1315428473388
3	335.9469666666667	1.0340263947453745	1315428473388	1315428483518
4	252.72733333333332	0.3369360251634051	1315428483518	1315428491134
5	202.55403333333334	0.3380441190719435	1315428491134	1315428497244
6	169.07389999999995	0.44782449996049023	1315428497244	1315428502356
7	145.10413333333335	0.5166169616419667	1315428502357	1315428506749
8	127.57883333333331	1.039879902993504	1315428506750	1315428510627
9	113.57153333333332	0.31234019178454875	1315428510627	1315428514071
10	102.49240000000002	0.3855833556266467	1315428514072	1315428517185
11	93.38089999999997	0.388870632693029	1315428517185	1315428520024
12	85.88190000000003	0.30759829939082484	1315428520024	1315428522640
13	79.82690000000002	1.6138575194545715	1315428522641	1315428525073
14	74.21010000000001	0.4486268205716924	1315428525073	1315428527334
15	69.19683333333334	0.5975774705689946	1315428527334	1315428529448
16	65.41906666666667	1.287331266033091	1315428529448	1315428531468
17	61.41086666666668	0.4527690842775664	1315428531468	1315428533347
18	58.326466666666654	0.35150697578281387	1315428533347	1315428535138
19	55.44160000000001	0.3271038641317059	1315428535138	1315428536837
20	52.37856666666666	0.3980520398610439	1315428536837	1315428538447
21	50.33043333333333	0.3097794191130639	1315428538449	1315428539998
22	48.324833333333345	0.3591038734868047	1315428539998	1315428541492
23	46.267633333333336	0.37579098036001685	1315428541492	1315428542921
24	44.40026666666667	0.37471110097632326	1315428542921	1315428544292


# ====== Port number : 3000 ======

########################################
# SR SequentialExecute for /192.168.0.2:3000
#  Repeat Count = 10
# Client Configuration @2011-09-08 04:49:14
#  Task time = 10000
#  Max return count = 24
# Return number	Latency	STDEV	Begin time	End time
1	10023.680400000001	2.735538559653042	1315428585015	1315428685396
2	7512.726950000001	0.7811708452603883	1315428685397	1315428785598
3	6676.52008	0.804839485078327	1315428785598	1315428885753
4	6258.920029999999	1.45583739358925	1315428885753	1315428985903
5	6007.746239999999	0.6748701064790912	1315428985904	1315429086029
6	5842.128300000001	3.2227383782296557	1315429086030	1315429186170
7	5721.786219999999	2.4996138102216583	1315429186170	1315429286292
8	5634.8505	4.154918792090157	1315429286292	1315429386441
9	5601.348840000001	120.05450785595956	1315429386441	1315429486955
10	5507.493240000001	1.9748855617354064	1315429486955	1315429587075
11	5461.774960000001	2.7875113853370332	1315429587075	1315429687191
12	5423.37818	1.858921998491959	1315429687191	1315429787305
13	5391.50821	1.991737278281128	1315429787306	1315429887427
14	5363.796950000001	1.5234012827684489	1315429887427	1315429987542
15	5339.83127	1.6375589715208896	1315429987542	1315430087660
16	5322.23729	4.487629005575487	1315430087661	1315430187834
17	5392.800230000001	284.74007817504423	1315430187834	1315430288874
18	5286.876630000001	3.006009895753777	1315430288874	1315430389029
19	5271.38105	3.179973368664822	1315430389029	1315430489186
20	5258.46051	2.8318236071002905	1315430489186	1315430589327
21	5247.25221	4.286090696783697	1315430589327	1315430689475
22	5236.18992	3.88928230297644	1315430689475	1315430789624
23	5227.5417099999995	5.542292213030287	1315430789624	1315430889837
24	5218.80378	5.101178914101697	1315430889837	1315430990012

########################################
# SR ParallelExecute for /192.168.0.2:3000
#  Repeat Count = 10
# Client Configuration @2011-09-08 05:29:50
#  Task time = 10000
#  Max return count = 24
# Return number	Latency	STDEV	Begin time	End time
1	10022.89833	5.904011531497594	1315431020109	1315431120457
2	5019.303429999999	3.434431475104714	1315431120457	1315431170776
3	3351.67656	3.049367678933784	1315431170776	1315431204417
4	2516.9419399999997	3.182579131469664	1315431204417	1315431229711
5	2016.33184	2.4949791457213637	1315431229711	1315431249999
6	1684.1471200000003	2.958481376653177	1315431249999	1315431266966
7	1444.67543	1.0217912256423476	1315431266966	1315431281534
8	1265.0512299999998	0.7064743610632624	1315431281534	1315431294308
9	1147.93793	65.52739991079206	1315431294308	1315431305911
10	1016.6920999999999	4.362648820028533	1315431305911	1315431316200
11	924.66507	2.8120064244551037	1315431316200	1315431325567
12	850.48111	4.11944082222958	1315431325567	1315431334197
13	785.00613	3.1281278913459474	1315431334197	1315431342171
14	730.1054300000002	2.8098810006129638	1315431342172	1315431349600
15	682.2284099999999	2.807551840809518	1315431349600	1315431356550
16	639.55432	0.7155814137204085	1315431356550	1315431363067
17	603.55099	1.9190332974001731	1315431363067	1315431369225
18	570.60946	1.0018628583812528	1315431369225	1315431375058
19	543.33152	3.4652050761168787	1315431375058	1315431380619
20	515.44028	3.0367441650555405	1315431380619	1315431385900
21	491.12758	0.897192472559223	1315431385900	1315431390936
22	472.64819	3.8916351634534316	1315431390936	1315431395793
23	449.57919000000004	0.8435145832033272	1315431395793	1315431400414
24	432.5029799999999	1.6666312221704487	1315431400414	1315431404863


# ====== Port number : 3100 ======

########################################
# SR SequentialExecute for /192.168.0.2:3100
#  Repeat Count = 10
# Client Configuration @2011-09-08 05:37:15
#  Task time = 10000
#  Max return count = 24
# Return number	Latency	STDEV	Begin time	End time
1	10027.31349	2.893266541988984	1315431465532	1315431565938
2	7514.014159999999	1.9757450944977797	1315431565939	1315431666152
3	6677.14415	1.415526592828596	1315431666152	1315431766316
4	6258.223780000001	0.5923509846853199	1315431766316	1315431866452
5	6007.331260000001	0.5554689326571417	1315431866452	1315431966573
6	5840.50925	0.29875103434689987	1315431966573	1315432066688
7	5721.30722	0.7856227022695648	1315432066688	1315432166810
8	5631.812669999999	0.7495466425045921	1315432166811	1315432266929
9	5561.516070000001	0.6059904141400583	1315432266929	1315432367034
10	5506.92332	1.3506376082364222	1315432367034	1315432467147
11	5461.077910000001	1.0043222247521293	1315432467147	1315432567262
12	5422.6672	0.7100672816394138	1315432567262	1315432667367
13	5528.06368	434.72903664564393	1315432667367	1315432768843
14	5362.9391000000005	0.6579645808132687	1315432768843	1315432868944
15	5339.735640000001	1.0078505936815225	1315432868944	1315432969051
16	5318.94572	0.8109433839715586	1315432969052	1315433069164
17	5299.95191	0.36720146892120364	1315433069165	1315433169270
18	5284.3378	0.7139606313201875	1315433169270	1315433269385
19	5270.290660000001	1.6479773820895922	1315433269386	1315433369510
20	5256.29998	0.8056446666502092	1315433369510	1315433469619
21	5244.93164	1.0995763574600346	1315433469620	1315433569741
22	5233.3728	0.5897648009740579	1315433569741	1315433669851
23	5223.66316	0.38057063533826074	1315433669851	1315433769963
24	5215.29466	1.2195875789263033	1315433769963	1315433870088

########################################
# SR ParallelExecute for /192.168.0.2:3100
#  Repeat Count = 10
# Client Configuration @2011-09-08 06:17:50
#  Task time = 10000
#  Max return count = 24
# Return number	Latency	STDEV	Begin time	End time
1	10021.030949999998	1.1344837123784566	1315433900186	1315434000515
2	5018.08777	1.87693837160365	1315434000515	1315434050819
3	3349.28275	0.9290940441310057	1315434050819	1315434084434
4	2516.0633900000003	1.1926261118349344	1315434084435	1315434109715
5	2016.1184100000003	1.49458629718152	1315434109715	1315434129998
6	1682.02229	1.0419473659286338	1315434129999	1315434146932
7	1444.2029100000002	1.1832816244326514	1315434146932	1315434161495
8	1264.4404	1.3398276222414993	1315434161495	1315434174250
9	1126.15874	1.2879821213159484	1315434174250	1315434185634
10	1014.4441800000001	0.7576790462170251	1315434185634	1315434195901
11	923.6487199999999	0.5953286877200384	1315434195902	1315434205260
12	848.1971300000001	1.3435593225716156	1315434205260	1315434213856
13	783.73523	0.3378028026613813	1315434213856	1315434221819
14	729.47632	0.786825182782416	1315434221819	1315434229233
15	681.64095	1.3707809617504974	1315434229233	1315434236172
16	639.38273	0.7980334635057471	1315434236172	1315434242689
17	603.1063099999999	0.6637158069317591	1315434242689	1315434248841
18	570.8985700000001	1.540868116849759	1315434248841	1315434254672
19	541.14642	0.7676256260560036	1315434254672	1315434260209
20	514.38993	0.979666042946362	1315434260209	1315434265475
21	490.99524	0.7198963215253659	1315434265475	1315434270509
22	469.42367	0.6974284193201402	1315434270509	1315434275326
23	449.48551	0.7089547085619734	1315434275326	1315434279945
24	431.54655	1.1370092692117584	1315434279946	1315434284387


# ====== Port number : 3000 ======

########################################
# SR SequentialExecute for /192.168.0.2:3000
#  Repeat Count = 100
# Client Configuration @2011-09-08 06:25:14
#  Task time = 100
#  Max return count = 24
# Return number	Latency	STDEV	Begin time	End time
1	102.1928	1.2777925093565123	1315434315449	1315434325769
2	76.216	1.0396493192767	1315434325769	1315434335914
3	67.95440000000002	0.7554626918510735	1315434335914	1315434346081
4	63.829900000000016	1.0140921152340678	1315434346081	1315434356257
5	61.55429999999999	1.475082093247653	1315434356257	1315434366470
6	60.17950000000002	1.8213949449405924	1315434366470	1315434376721
7	58.92679999999998	1.5819058190052049	1315434376722	1315434386979
8	57.81750000000002	1.211785872171851	1315434386980	1315434397251
9	57.425700000000006	1.7565871726028282	1315434397251	1315434407541
10	56.986699999999985	1.6749455320568605	1315434407541	1315434417833
11	56.592900000000014	1.8729214984590734	1315434417833	1315434428150
12	56.01819999999996	1.3106443630786242	1315434428150	1315434438474
13	55.88020000000002	1.5681611054108433	1315434438474	1315434448804
14	55.652700000000024	1.6264250037820365	1315434448804	1315434459149
15	55.51729999999998	1.6121043747704367	1315434459149	1315434469503
16	55.39029999999999	1.9392774115094635	1315434469503	1315434479867
17	55.11359999999999	1.558190170056198	1315434479867	1315434490236
18	54.90089999999999	1.4564326800493888	1315434490236	1315434500622
19	54.9272	1.5155204326619287	1315434500622	1315434511026
20	54.75699999999997	1.2315921370007068	1315434511026	1315434521401
21	54.869400000000006	1.8261455903540704	1315434521401	1315434531824
22	54.572099999999985	1.3820627936743368	1315434531824	1315434542240
23	54.805600000000005	2.0189002506860465	1315434542240	1315434552674
24	54.72290000000004	1.797303420642876	1315434552674	1315434563116

########################################
# SR ParallelExecute for /192.168.0.2:3000
#  Repeat Count = 100
# Client Configuration @2011-09-08 06:29:23
#  Task time = 100
#  Max return count = 24
# Return number	Latency	STDEV	Begin time	End time
1	101.20129999999999	0.3566812656319582	1315434563421	1315434573555
2	51.327000000000005	1.088515345121592	1315434573555	1315434578708
3	34.60910000000002	0.8752536082681721	1315434578708	1315434582224
4	26.2524	1.1802072408323037	1315434582224	1315434584873
5	21.3254	1.0502702105417645	1315434584873	1315434587034
6	18.020299999999995	0.9893406180815	1315434587034	1315434588886
7	15.714699999999995	1.3823734932165068	1315434588886	1315434590507
8	13.991400000000006	1.0620049839141414	1315434590507	1315434591960
9	12.516699999999993	1.1397005233079422	1315434591960	1315434593267
10	11.454099999999997	1.1157550281438668	1315434593267	1315434594466
11	10.596599999999997	0.8049107109023393	1315434594466	1315434595580
12	9.445600000000002	0.7459633050794772	1315434595580	1315434596590
13	9.254500000000004	1.006832592185406	1315434596590	1315434597574
14	8.740699999999999	1.1009493194695426	1315434597574	1315434598497
15	8.263000000000003	1.111126010001073	1315434598497	1315434599387
16	7.761599999999999	0.4766925612801376	1315434599387	1315434600221
17	7.5701999999999945	1.151561943227971	1315434600221	1315434601046
18	7.2193999999999985	1.08901013342719	1315434601046	1315434601823
19	6.938699999999998	1.2195442558264198	1315434601823	1315434602572
20	6.618599999999998	0.3932537669909178	1315434602572	1315434603312
21	6.4233	0.4319209032527567	1315434603312	1315434604025
22	6.310699999999998	1.1784360934147686	1315434604025	1315434604710
23	6.102400000000001	0.8752524830532691	1315434604710	1315434605377
24	5.904600000000001	1.0219523996110105	1315434605377	1315434606025


# ====== Port number : 3100 ======

########################################
# SR SequentialExecute for /192.168.0.2:3100
#  Repeat Count = 100
# Client Configuration @2011-09-08 06:30:11
#  Task time = 100
#  Max return count = 24
# Return number	Latency	STDEV	Begin time	End time
1	102.13710000000003	0.4798869711145848	1315434612087	1315434622405
2	76.2084	0.40455916898817984	1315434622406	1315434632541
3	67.81700000000004	0.40983243679809245	1315434632541	1315434642684
4	63.699700000000014	0.4093341600020715	1315434642684	1315434652839
5	61.246799999999986	0.47772795606096957	1315434652839	1315434663008
6	59.62630000000004	0.5110943991542582	1315434663008	1315434673195
7	58.578299999999956	0.7128801378291227	1315434673195	1315434683399
8	57.855300000000014	1.057065171962122	1315434683399	1315434693637
9	56.97950000000001	0.4869413400873279	1315434693637	1315434703869
10	56.481700000000004	0.6012093116085477	1315434703869	1315434714089
11	56.191399999999994	0.6485103676653154	1315434714089	1315434724342
12	55.78949999999997	0.6208878865632319	1315434724342	1315434734595
13	55.6062	0.6952069381617416	1315434734595	1315434744878
14	55.41969999999999	0.7398190537724155	1315434744879	1315434755178
15	55.28139999999998	1.3860699619418295	1315434755179	1315434765501
16	55.022200000000005	0.7254891488167078	1315434765502	1315434775831
17	54.91109999999999	0.889370331111174	1315434775831	1315434786153
18	54.8028	0.737029363613714	1315434786153	1315434796488
19	54.76630000000001	0.8956276000540154	1315434796488	1315434806852
20	54.66969999999999	0.7623534202549248	1315434806852	1315434817208
21	54.5832	0.6616903361934406	1315434817208	1315434827578
22	54.59980000000003	0.6952566272781916	1315434827578	1315434837980
23	54.3931	0.6311536575157995	1315434837980	1315434848376
24	54.58380000000002	1.0921092371437955	1315434848377	1315434858795

########################################
# SR ParallelExecute for /192.168.0.2:3100
#  Repeat Count = 100
# Client Configuration @2011-09-08 06:34:18
#  Task time = 100
#  Max return count = 24
# Return number	Latency	STDEV	Begin time	End time
1	101.40100000000001	0.4560779217470377	1315434859100	1315434869254
2	51.295	0.4276137689012266	1315434869254	1315434874399
3	34.457500000000046	0.27261314951716087	1315434874399	1315434877902
4	26.19679999999999	0.3299674915124228	1315434877902	1315434880537
5	21.260400000000008	0.4691232312093387	1315434880537	1315434882694
6	17.877899999999997	0.3060411770011896	1315434882694	1315434884541
7	15.6195	0.32343914232490406	1315434884541	1315434886166
8	13.8673	0.4175683697724873	1315434886166	1315434887595
9	12.473799999999994	0.3958031854549853	1315434887595	1315434888887
10	11.324399999999999	0.30976472009922235	1315434888887	1315434890063
11	10.416899999999998	0.39961267863940564	1315434890063	1315434891151
12	9.757999999999996	0.33537255027027246	1315434891151	1315434892161
13	9.138700000000002	0.32970343270170116	1315434892162	1315434893129
14	8.668900000000004	0.3535702321899204	1315434893129	1315434894039
15	8.152999999999999	0.3943143902824824	1315434894039	1315434894908
16	7.831599999999998	0.8478871184636486	1315434894908	1315434895734
17	7.333699999999998	0.3720395737612735	1315434895734	1315434896526
18	7.042600000000002	0.35666700651351907	1315434896526	1315434897278
19	6.808200000000002	0.4261203415169381	1315434897278	1315434898004
20	6.5611000000000015	0.423408237229144	1315434898004	1315434898718
21	6.2493	0.39879174839241827	1315434898718	1315434899408
22	6.035500000000002	0.4089142435595146	1315434899408	1315434900063
23	5.849100000000001	0.4290772222179126	1315434900063	1315434900697
24	5.686899999999998	0.5149731678800369	1315434900697	1315434901310


# ====== Port number : 3000 ======

########################################
# SR SequentialExecute for /192.168.0.2:3000
#  Repeat Count = 30
# Client Configuration @2011-09-08 06:35:06
#  Task time = 1000
#  Max return count = 24
# Return number	Latency	STDEV	Begin time	End time
1	1005.5236000000001	3.7205500482934473	1315434909845	1315434940107
2	752.5494333333335	0.8704007273349679	1315434940108	1315434970220
3	668.9150333333331	0.9920921983905903	1315434970220	1315435000318
4	627.3269	1.8261725633054713	1315435000318	1315435030420
5	602.2079333333334	1.4222898471206376	1315435030420	1315435060512
6	586.0145666666667	2.01829073605879	1315435060512	1315435090638
7	574.2108666666666	2.386125350547569	1315435090638	1315435120763
8	565.6277333333333	2.3573413272959853	1315435120763	1315435150898
9	558.4797666666667	2.091566657191372	1315435150898	1315435181039
10	553.1916666666667	2.833851702411763	1315435181039	1315435211183
11	547.8141666666667	1.3321151209615454	1315435211183	1315435241302
12	545.0536666666667	2.7176651278375688	1315435241302	1315435271465
13	541.4812666666668	1.634053093587075	1315435271465	1315435301621
14	539.7606333333332	2.7794321112530986	1315435301621	1315435331830
15	537.0733	2.36867987604053	1315435331830	1315435362023
16	534.9962333333332	2.5838205831240644	1315435362023	1315435392204
17	534.0378666666667	3.3011005555979684	1315435392204	1315435422431
18	532.3007666666666	3.34111185998904	1315435422431	1315435452675
19	530.1600333333333	2.4587741897123037	1315435452675	1315435482865
20	529.3465666666667	3.1186459781194595	1315435482865	1315435513096
21	528.6184666666666	2.889216129636925	1315435513096	1315435543373
22	527.5179	2.754742235268523	1315435543373	1315435573622
23	525.8523	2.7901728304896696	1315435573622	1315435603836
24	525.0121	2.5383962402264646	1315435603836	1315435634061

########################################
# SR ParallelExecute for /192.168.0.2:3000
#  Repeat Count = 30
# Client Configuration @2011-09-08 06:47:14
#  Task time = 1000
#  Max return count = 24
# Return number	Latency	STDEV	Begin time	End time
1	1003.0391666666667	0.28081790413360513	1315435637075	1315435667202
2	503.22656666666654	1.9417134574031447	1315435667202	1315435682340
3	336.1644333333334	1.8277982549620992	1315435682340	1315435692463
4	252.58746666666667	0.3434672833114178	1315435692463	1315435700076
5	202.4054333333334	0.31750141819035116	1315435700076	1315435706183
6	169.68386666666666	2.712627886492992	1315435706183	1315435711313
7	145.17110000000002	0.358128213398917	1315435711313	1315435715706
8	127.75900000000001	2.012242050291765	1315435715706	1315435719576
9	113.90406666666668	1.490267736496081	1315435719576	1315435723039
10	102.36943333333332	0.3056285421025156	1315435723039	1315435726147
11	93.75626666666666	2.0241569370353987	1315435726147	1315435728998
12	86.20233333333333	2.0820068126251274	1315435728998	1315435731624
13	79.3209	0.37248784752151526	1315435731624	1315435734053
14	74.54096666666668	2.043223441851755	1315435734053	1315435736335
15	69.47613333333334	1.163102086821064	1315435736335	1315435738461
16	65.26553333333332	0.4695149171975091	1315435738461	1315435740456
17	61.21636666666665	0.28044613268018814	1315435740456	1315435742331
18	58.605033333333346	2.138534181893113	1315435742332	1315435744130
19	55.54673333333333	1.1912147069951817	1315435744130	1315435745844
20	52.356366666666666	0.5292406716291209	1315435745844	1315435747461
21	50.663033333333345	1.6206733697027451	1315435747461	1315435749020
22	48.57936666666667	1.8382088824184801	1315435749020	1315435750515
23	46.5834	1.0173060977659167	1315435750515	1315435751963
24	44.52139999999999	0.8622276921464713	1315435751963	1315435753342


# ====== Port number : 3100 ======

########################################
# SR SequentialExecute for /192.168.0.2:3100
#  Repeat Count = 30
# Client Configuration @2011-09-08 06:49:23
#  Task time = 1000
#  Max return count = 24
# Return number	Latency	STDEV	Begin time	End time
1	1005.3793333333335	3.5010908184781893	1315435766877	1315435797137
2	752.5922999999999	0.6804697745261213	1315435797138	1315435827246
3	669.1071666666667	1.5270439345784839	1315435827246	1315435857336
4	626.9755666666667	0.5954859900135931	1315435857337	1315435887420
5	601.9101666666667	0.537378315575264	1315435887420	1315435917504
6	585.2312666666668	0.4881918737892357	1315435917504	1315435947587
7	573.3425	0.3586013778160112	1315435947587	1315435977670
8	564.3993333333332	0.3990075046155852	1315435977670	1315436007760
9	557.5818	0.49951979696545235	1315436007760	1315436037857
10	552.1895000000001	0.9836409405342166	1315436037857	1315436067960
11	547.5039666666667	0.6086226668387422	1315436067960	1315436098065
12	543.9687333333334	0.6837393097395608	1315436098065	1315436128175
13	540.8686333333333	0.7839402020134437	1315436128175	1315436158284
14	538.1296	0.695158260389134	1315436158284	1315436188401
15	535.8279	0.6206614575330999	1315436188401	1315436218523
16	533.7854333333333	0.7503251563079	1315436218523	1315436248649
17	532.1892333333333	0.8352682692290753	1315436248649	1315436278794
18	530.8598	2.0959658196671316	1315436278794	1315436308947
19	529.1019666666667	1.3200066739751117	1315436308947	1315436339090
20	527.7256333333332	0.7700303390382057	1315436339090	1315436369227
21	526.6793666666667	0.8056590997708499	1315436369227	1315436399374
22	526.6734999999999	5.087246899591695	1315436399374	1315436429578
23	524.7347333333333	1.0336379988445128	1315436429578	1315436459736
24	524.0562333333332	1.3450583293186793	1315436459736	1315436489901

########################################
# SR ParallelExecute for /192.168.0.2:3100
#  Repeat Count = 30
# Client Configuration @2011-09-08 07:01:29
#  Task time = 1000
#  Max return count = 24
# Return number	Latency	STDEV	Begin time	End time
1	1003.172	0.311620901149755	1315436492915	1315436523047
2	502.86853333333335	0.6429461141524389	1315436523047	1315436538171
3	336.0203	0.6001364873402938	1315436538171	1315436548287
4	252.5976	0.2878193399128794	1315436548287	1315436555904
5	202.47053333333332	0.3169877331787875	1315436555904	1315436562015
6	169.10209999999998	0.3461187109546796	1315436562015	1315436567132
7	145.37293333333335	0.31265061841158137	1315436567132	1315436571529
8	127.4676	0.3797599604811508	1315436571529	1315436575391
9	113.65886666666664	0.30495819198315505	1315436575391	1315436578837
10	102.43966666666665	0.3186906762508789	1315436578837	1315436581947
11	93.51406666666666	0.5394614129787092	1315436581947	1315436584790
12	85.93256666666669	0.3997009816226701	1315436584790	1315436587407
13	79.511	0.47164078967068956	1315436587407	1315436589831
14	73.97779999999999	0.4198150988731337	1315436589831	1315436592089
15	69.33923333333333	0.38232877018078	1315436592089	1315436594205
16	65.24323333333332	0.4144170549141215	1315436594205	1315436596200
17	61.369066666666676	0.40699198783214463	1315436596200	1315436598079
18	58.39023333333333	0.6075732783018576	1315436598080	1315436599871
19	55.180099999999996	0.30913297551626623	1315436599871	1315436601566
20	52.31366666666668	0.2894929375972787	1315436601566	1315436603174
21	50.402766666666665	0.4541672700624967	1315436603174	1315436604725
22	48.22413333333334	0.2946492635416771	1315436604725	1315436606211
23	46.2895	0.3149976190390027	1315436606211	1315436607640
24	44.245466666666665	0.30390705626962555	1315436607640	1315436609010


# ====== Port number : 3000 ======

########################################
# SR SequentialExecute for /192.168.0.2:3000
#  Repeat Count = 10
# Client Configuration @2011-09-08 07:03:39
#  Task time = 10000
#  Max return count = 24
# Return number	Latency	STDEV	Begin time	End time
1	10024.34039	5.972417555677729	1315436649704	1315436750083
2	7512.80682	1.8027645727117088	1315436750084	1315436850283
3	6676.557059999999	1.5073556136437953	1315436850284	1315436950448
4	6259.520739999998	2.767833071314437	1315436950448	1315437050598
5	6007.820119999999	1.6937448839342615	1315437050598	1315437150731
6	5840.90213	0.8317229565891019	1315437150731	1315437250855
7	5722.44888	3.0951948324217455	1315437250855	1315437350992
8	5631.73384	0.5489379242029357	1315437350992	1315437451105
9	5563.77076	3.240062710864175	1315437451105	1315437551240
10	5506.9108400000005	1.1083352465362097	1315437551240	1315437651360
11	5462.269469999999	3.119737018579969	1315437651361	1315437751491
12	5554.798199999999	415.7432669690438	1315437751491	1315437852925
13	5391.939270000001	2.6230174416697283	1315437852925	1315437953052
14	5367.62382	6.052013345380455	1315437953052	1315438053198
15	5341.115250000001	3.4959491228608117	1315438053198	1315438153325
16	5320.49186	2.4401741682750693	1315438153325	1315438253464
17	5300.153289999999	0.3606698027425664	1315438253464	1315438353570
18	5285.60046	3.536845635923275	1315438353570	1315438453703
19	5269.83072	0.7583380337454195	1315438453703	1315438553821
20	5258.55915	4.029195103254042	1315438553821	1315438653981
21	5246.0839	2.0988437788556045	1315438653981	1315438754136
22	5235.70683	3.7424867183418766	1315438754136	1315438854289
23	5226.2100900000005	3.554926741936603	1315438854289	1315438954461
24	5216.93485	2.717650572442128	1315438954461	1315439054627

########################################
# SR ParallelExecute for /192.168.0.2:3000
#  Repeat Count = 10
# Client Configuration @2011-09-08 07:44:14
#  Task time = 10000
#  Max return count = 24
# Return number	Latency	STDEV	Begin time	End time
1	10021.840189999999	3.092690615048078	1315439084724	1315439185066
2	5018.717129999999	2.506457276544757	1315439185066	1315439235374
3	3350.39436	2.7023056530479606	1315439235374	1315439269001
4	2516.5172000000002	2.358065070475025	1315439269002	1315439294292
5	2015.62404	1.1338875766376697	1315439294292	1315439314571
6	1683.07407	1.8040976651061407	1315439314571	1315439331526
7	1445.73662	2.944905687226859	1315439331526	1315439346105
8	1265.13125	0.602026868016816	1315439346105	1315439358877
9	1280.30202	480.6877480901127	1315439358877	1315439371802
10	1017.9620199999999	4.2549264482084626	1315439371802	1315439382103
11	923.50107	0.6656376024417785	1315439382104	1315439391461
12	848.6341500000001	2.084755249781677	1315439391461	1315439400069
13	783.51347	1.114270104977449	1315439400069	1315439408011
14	728.86424	1.0743523859939417	1315439408011	1315439415420
15	682.38312	2.8251383064702384	1315439415420	1315439422368
16	640.54379	3.0282004507635327	1315439422368	1315439428898
17	603.90023	1.4470298223282256	1315439428898	1315439435051
18	571.1060100000001	1.8169984433390847	1315439435051	1315439440887
19	541.3487400000001	0.5606066955339128	1315439440887	1315439446425
20	514.97277	2.1285613195914355	1315439446425	1315439451690
21	490.6516	0.8120235368787827	1315439451690	1315439456719
22	470.8285199999999	3.5787975621352763	1315439456719	1315439461554
23	450.0910999999999	1.8588220894076881	1315439461554	1315439466176
24	431.56361	0.8790273747015785	1315439466176	1315439470619


# ====== Port number : 3100 ======

########################################
# SR SequentialExecute for /192.168.0.2:3100
#  Repeat Count = 10
# Client Configuration @2011-09-08 07:51:41
#  Task time = 10000
#  Max return count = 24
# Return number	Latency	STDEV	Begin time	End time
1	10026.363119999998	7.374543405755913	1315439531368	1315439631777
2	7512.65953	1.2740308579278121	1315439631778	1315439731973
3	6676.363149999999	1.0824300044244832	1315439731974	1315439832126
4	6258.22786	0.8878074232946407	1315439832127	1315439932263
5	6007.64782	0.6983168816202859	1315439932263	1315440032384
6	5840.49536	1.1455939216188271	1315440032385	1315440132502
7	5721.297269999999	0.9185174839536362	1315440132502	1315440232615
8	5631.43703	0.5576748407106477	1315440232615	1315440332720
9	5562.29631	1.785281810615801	1315440332720	1315440432832
10	5506.203630000001	0.7782667081214193	1315440432832	1315440532935
11	5460.936720000001	1.1149742088746741	1315440532935	1315440633040
12	5423.43842	0.9050563719821759	1315440633040	1315440733154
13	5554.22592	517.263263143844	1315440733154	1315440834897
14	5362.84566	0.4645281877276692	1315440834897	1315440934997
15	5339.29001	0.5093333497080709	1315440934997	1315441035099
16	5318.55024	0.7326167546725845	1315441035099	1315441135210
17	5300.936019999999	3.9589636593601685	1315441135210	1315441235314
18	5284.323960000001	0.6840804193274862	1315441235314	1315441335424
19	5269.12304	0.7757281239649717	1315441335424	1315441435527
20	5256.3944	1.1905341787066175	1315441435528	1315441535642
21	5244.48791	1.5901309542040054	1315441535642	1315441635753
22	5234.14496	1.9512851119210237	1315441635754	1315441735878
23	5223.76445	0.8882586253101399	1315441735878	1315441835988
24	5215.35314	1.3325074712787577	1315441835988	1315441936116

########################################
# SR ParallelExecute for /192.168.0.2:3100
#  Repeat Count = 10
# Client Configuration @2011-09-08 08:32:16
#  Task time = 10000
#  Max return count = 24
# Return number	Latency	STDEV	Begin time	End time
1	10021.02549	1.343442132462725	1315441966215	1315442066547
2	5018.4205600000005	1.6849025989536173	1315442066547	1315442116855
3	3349.8485200000005	1.4973028850732277	1315442116855	1315442150480
4	2516.3588700000005	1.4514627411891632	1315442150480	1315442175768
5	2016.0014800000001	1.7060710168882047	1315442175768	1315442196050
6	1682.1250400000001	0.5843977338813638	1315442196051	1315442212997
7	1443.3396500000001	0.6536765797414092	1315442212997	1315442227552
8	1264.55737	0.5859888741258913	1315442227552	1315442240321
9	1126.3461	1.8771172431458638	1315442240321	1315442251711
10	1014.8408399999998	1.0093999784167165	1315442251711	1315442261982
11	924.0529	0.8689522310448686	1315442261982	1315442271346
12	848.41225	0.9720426217109804	1315442271346	1315442279954
13	784.01308	0.6383091828052353	1315442279954	1315442287919
14	728.76007	0.45012357342021175	1315442287919	1315442295331
15	681.71766	1.247889133418565	1315442295331	1315442302273
16	639.48868	1.1048961819278993	1315442302273	1315442308790
17	603.5512800000001	2.119764475766193	1315442308790	1315442314952
18	570.4991000000001	0.3286226438775981	1315442314952	1315442320773
19	541.56886	1.096195315340129	1315442320773	1315442326315
20	514.42064	0.6208058690307062	1315442326315	1315442331587
21	491.0968	0.5042017695775989	1315442331587	1315442336625
22	469.49709	0.6903564207268864	1315442336625	1315442341447
23	449.48768999999993	0.955006775399035	1315442341447	1315442346068
24	431.47337	0.6436853701230376	1315442346068	1315442350514

